<?xml version="1.0" encoding="UTF-8"?>
<!-- Generated by org.testng.reporters.JUnitXMLReporter -->
<testsuite ignored="0" hostname="DESKTOP-VV0NNBG" failures="0" tests="5" name="Default test" time="283.875" errors="0" timestamp="2024-07-15T17:43:18 IST">
  <testcase classname="Settings_Positive.Otp_Module" name="AddFmsUSer" time="33.783"/>
  <testcase classname="Settings_Positive.Otp_Module" name="OtpList" time="15.379"/>
  <testcase classname="Settings_Positive.Otp_Module" name="Payment_Management" time="25.297"/>
  <testcase classname="Settings_Positive.Otp_Module" name="Performing_App_Management" time="10.652"/>
  <testcase classname="Settings_Positive.Otp_Module" name="Roles" time="37.567"/>
</testsuite> <!-- Default test -->
